<?xml version="1.0" encoding="UTF-8"?>
<!-- Generated by org.testng.reporters.JUnitReportReporter -->
<testsuite hostname="NIkhil-Boriwale.local" failures="0" tests="2" name="RestAssuredFramewok.RestAssuredFramewok.GetRequest" time="7.134" errors="0" timestamp="17 Feb 2019 15:28:12 GMT" skipped="0">
  <testcase classname="RestAssuredFramewok.RestAssuredFramewok.GetRequest" name="testResponseCode" time="1.389"/>
  <testcase classname="RestAssuredFramewok.RestAssuredFramewok.GetRequest" name="TestBodydata" time="5.745"/>
</testsuite> <!-- RestAssuredFramewok.RestAssuredFramewok.GetRequest -->
